<?xml version="1.0" encoding="UTF-8"?>
<testng-results ignored="0" total="1" passed="1" failed="0" skipped="0">
  <reporter-output>
  </reporter-output>
  <suite started-at="2026-02-07T08:57:33 IST" name="Default suite" finished-at="2026-02-07T08:57:54 IST" duration-ms="21119">
    <groups>
    </groups>
    <test started-at="2026-02-07T08:57:33 IST" name="Default test" finished-at="2026-02-07T08:57:54 IST" duration-ms="21119">
      <class name="com.asianpaints.test.NewTest">
        <test-method signature="appium()[pri:0, instance:com.asianpaints.test.NewTest@17503f6b]" started-at="2026-02-07T08:57:33 IST" name="appium" finished-at="2026-02-07T08:57:54 IST" duration-ms="21048" status="PASS">
          <reporter-output>
          </reporter-output>
        </test-method> <!-- appium -->
      </class> <!-- com.asianpaints.test.NewTest -->
    </test> <!-- Default test -->
  </suite> <!-- Default suite -->
</testng-results>
