<?xml version="1.0" encoding="UTF-8"?>
<!-- Generated by org.testng.reporters.JUnitReportReporter -->
<testsuite hostname="LP-TZD-5X045727" failures="0" tests="3" name="com.asianpaints.test.AsianPaintsTest" time="130.901" errors="0" timestamp="2026-02-05T15:47:15 IST" skipped="0">
  <testcase classname="com.asianpaints.test.AsianPaintsTest" name="test3" time="25.853"/>
  <testcase classname="com.asianpaints.test.AsianPaintsTest" name="removecart" time="49.083"/>
  <testcase classname="com.asianpaints.test.AsianPaintsTest" name="addtocart" time="55.965"/>
</testsuite> <!-- com.asianpaints.test.AsianPaintsTest -->
